# JRE version: OpenJDK Runtime Environment Temurin-21.0.6+7 (21.0.6+7) (build 21.0.6+7-LTS)
# Java VM: OpenJDK 64-Bit Server VM Temurin-21.0.6+7 (21.0.6+7-LTS, mixed mode, sharing, tiered, compressed oops, compressed class ptrs, parallel gc, windows-amd64)
GC Precious Log:
 CardTable entry size: 512
 CPUs: 16 total, 16 available
 Memory: 7514M
 Large Page Support: Disabled
 NUMA Support: Disabled
 Compressed Oops: Enabled (32-bit)
 Alignments: Space 512K, Generation 512K, Heap 2M
 Heap Min Capacity: 100M
 Heap Initial Capacity: 100M
 Heap Max Capacity: 1G
 Pre-touch: Disabled
 Parallel Workers: 13
Heap:
 PSYoungGen      total 3072K, used 833K [0x00000000eab00000, 0x00000000eaf00000, 0x0000000100000000)
  eden space 2048K, 9% used [0x00000000eab00000,0x00000000eab329f8,0x00000000ead00000)
  from space 1024K, 61% used [0x00000000ead00000,0x00000000ead9dd00,0x00000000eae00000)
  to   space 1024K, 0% used [0x00000000eae00000,0x00000000eae00000,0x00000000eaf00000)
 ParOldGen       total 229376K, used 228976K [0x00000000c0000000, 0x00000000ce000000, 0x00000000eab00000)
  object space 229376K, 99% used [0x00000000c0000000,0x00000000cdf9c198,0x00000000ce000000)
 Metaspace       used 64922K, committed 66304K, reserved 1114112K
  class space    used 7399K, committed 8000K, reserved 1048576K
GC Heap History (20 events):
Event: 61.214 GC heap before
{Heap before GC invocations=271 (full 3):
 PSYoungGen      total 3072K, used 2560K [0x00000000eab00000, 0x00000000eaf00000, 0x0000000100000000)
  eden space 2048K, 100% used [0x00000000eab00000,0x00000000ead00000,0x00000000ead00000)
  from space 1024K, 50% used [0x00000000ead00000,0x00000000ead80000,0x00000000eae00000)
  to   space 1024K, 0% used [0x00000000eae00000,0x00000000eae00000,0x00000000eaf00000)
 ParOldGen       total 223744K, used 223333K [0x00000000c0000000, 0x00000000cda80000, 0x00000000eab00000)
  object space 223744K, 99% used [0x00000000c0000000,0x00000000cda195f0,0x00000000cda80000)
 Metaspace       used 64288K, committed 65664K, reserved 1114112K
  class space    used 7339K, committed 7936K, reserved 1048576K
}
Event: 61.216 GC heap after
{Heap after GC invocations=271 (full 3):
 PSYoungGen      total 3072K, used 576K [0x00000000eab00000, 0x00000000eaf00000, 0x0000000100000000)
  eden space 2048K, 0% used [0x00000000eab00000,0x00000000eab00000,0x00000000ead00000)
  from space 1024K, 56% used [0x00000000eae00000,0x00000000eae90000,0x00000000eaf00000)
  to   space 1024K, 0% used [0x00000000ead00000,0x00000000ead00000,0x00000000eae00000)
 ParOldGen       total 223744K, used 223662K [0x00000000c0000000, 0x00000000cda80000, 0x00000000eab00000)
  object space 223744K, 99% used [0x00000000c0000000,0x00000000cda6b8e0,0x00000000cda80000)
 Metaspace       used 64288K, committed 65664K, reserved 1114112K
  class space    used 7339K, committed 7936K, reserved 1048576K
}
Event: 61.237 GC heap before
{Heap before GC invocations=272 (full 3):
 PSYoungGen      total 3072K, used 2623K [0x00000000eab00000, 0x00000000eaf00000, 0x0000000100000000)
  eden space 2048K, 99% used [0x00000000eab00000,0x00000000eacffff8,0x00000000ead00000)
  from space 1024K, 56% used [0x00000000eae00000,0x00000000eae90000,0x00000000eaf00000)
  to   space 1024K, 0% used [0x00000000ead00000,0x00000000ead00000,0x00000000eae00000)
 ParOldGen       total 223744K, used 223662K [0x00000000c0000000, 0x00000000cda80000, 0x00000000eab00000)
  object space 223744K, 99% used [0x00000000c0000000,0x00000000cda6b8e0,0x00000000cda80000)
 Metaspace       used 64353K, committed 65728K, reserved 1114112K
  class space    used 7347K, committed 7936K, reserved 1048576K
}
Event: 61.241 GC heap after
{Heap after GC invocations=272 (full 3):
 PSYoungGen      total 3072K, used 640K [0x00000000eab00000, 0x00000000eaf00000, 0x0000000100000000)
  eden space 2048K, 0% used [0x00000000eab00000,0x00000000eab00000,0x00000000ead00000)
  from space 1024K, 62% used [0x00000000ead00000,0x00000000eada0000,0x00000000eae00000)
  to   space 1024K, 0% used [0x00000000eae00000,0x00000000eae00000,0x00000000eaf00000)
 ParOldGen       total 224256K, used 224061K [0x00000000c0000000, 0x00000000cdb00000, 0x00000000eab00000)
  object space 224256K, 99% used [0x00000000c0000000,0x00000000cdacf458,0x00000000cdb00000)
 Metaspace       used 64353K, committed 65728K, reserved 1114112K
  class space    used 7347K, committed 7936K, reserved 1048576K
}
Event: 61.304 GC heap before
{Heap before GC invocations=273 (full 3):
 PSYoungGen      total 3072K, used 2688K [0x00000000eab00000, 0x00000000eaf00000, 0x0000000100000000)
  eden space 2048K, 100% used [0x00000000eab00000,0x00000000ead00000,0x00000000ead00000)
  from space 1024K, 62% used [0x00000000ead00000,0x00000000eada0000,0x00000000eae00000)
  to   space 1024K, 0% used [0x00000000eae00000,0x00000000eae00000,0x00000000eaf00000)
 ParOldGen       total 224256K, used 224061K [0x00000000c0000000, 0x00000000cdb00000, 0x00000000eab00000)
  object space 224256K, 99% used [0x00000000c0000000,0x00000000cdacf458,0x00000000cdb00000)
 Metaspace       used 64500K, committed 65856K, reserved 1114112K
  class space    used 7360K, committed 7936K, reserved 1048576K
}
Event: 61.306 GC heap after
{Heap after GC invocations=273 (full 3):
 PSYoungGen      total 3072K, used 480K [0x00000000eab00000, 0x00000000eaf00000, 0x0000000100000000)
  eden space 2048K, 0% used [0x00000000eab00000,0x00000000eab00000,0x00000000ead00000)
  from space 1024K, 46% used [0x00000000eae00000,0x00000000eae78000,0x00000000eaf00000)
  to   space 1024K, 0% used [0x00000000ead00000,0x00000000ead00000,0x00000000eae00000)
 ParOldGen       total 224768K, used 224465K [0x00000000c0000000, 0x00000000cdb80000, 0x00000000eab00000)
  object space 224768K, 99% used [0x00000000c0000000,0x00000000cdb34620,0x00000000cdb80000)
 Metaspace       used 64500K, committed 65856K, reserved 1114112K
  class space    used 7360K, committed 7936K, reserved 1048576K
}
Event: 61.367 GC heap before
{Heap before GC invocations=274 (full 3):
 PSYoungGen      total 3072K, used 2528K [0x00000000eab00000, 0x00000000eaf00000, 0x0000000100000000)
  eden space 2048K, 100% used [0x00000000eab00000,0x00000000ead00000,0x00000000ead00000)
  from space 1024K, 46% used [0x00000000eae00000,0x00000000eae78000,0x00000000eaf00000)
  to   space 1024K, 0% used [0x00000000ead00000,0x00000000ead00000,0x00000000eae00000)
 ParOldGen       total 224768K, used 224465K [0x00000000c0000000, 0x00000000cdb80000, 0x00000000eab00000)
  object space 224768K, 99% used [0x00000000c0000000,0x00000000cdb34620,0x00000000cdb80000)
 Metaspace       used 64508K, committed 65856K, reserved 1114112K
  class space    used 7360K, committed 7936K, reserved 1048576K
}
Event: 61.370 GC heap after
{Heap after GC invocations=274 (full 3):
 PSYoungGen      total 3072K, used 816K [0x00000000eab00000, 0x00000000eaf00000, 0x0000000100000000)
  eden space 2048K, 0% used [0x00000000eab00000,0x00000000eab00000,0x00000000ead00000)
  from space 1024K, 79% used [0x00000000ead00000,0x00000000eadcc010,0x00000000eae00000)
  to   space 1024K, 0% used [0x00000000eae00000,0x00000000eae00000,0x00000000eaf00000)
 ParOldGen       total 225280K, used 224828K [0x00000000c0000000, 0x00000000cdc00000, 0x00000000eab00000)
  object space 225280K, 99% used [0x00000000c0000000,0x00000000cdb8f230,0x00000000cdc00000)
 Metaspace       used 64508K, committed 65856K, reserved 1114112K
  class space    used 7360K, committed 7936K, reserved 1048576K
}
Event: 61.430 GC heap before
{Heap before GC invocations=275 (full 3):
 PSYoungGen      total 3072K, used 2864K [0x00000000eab00000, 0x00000000eaf00000, 0x0000000100000000)
  eden space 2048K, 100% used [0x00000000eab00000,0x00000000ead00000,0x00000000ead00000)
  from space 1024K, 79% used [0x00000000ead00000,0x00000000eadcc010,0x00000000eae00000)
  to   space 1024K, 0% used [0x00000000eae00000,0x00000000eae00000,0x00000000eaf00000)
 ParOldGen       total 225280K, used 224828K [0x00000000c0000000, 0x00000000cdc00000, 0x00000000eab00000)
  object space 225280K, 99% used [0x00000000c0000000,0x00000000cdb8f230,0x00000000cdc00000)
 Metaspace       used 64522K, committed 65856K, reserved 1114112K
  class space    used 7362K, committed 7936K, reserved 1048576K
}
Event: 61.433 GC heap after
{Heap after GC invocations=275 (full 3):
 PSYoungGen      total 3072K, used 625K [0x00000000eab00000, 0x00000000eaf00000, 0x0000000100000000)
  eden space 2048K, 0% used [0x00000000eab00000,0x00000000eab00000,0x00000000ead00000)
  from space 1024K, 61% used [0x00000000eae00000,0x00000000eae9c580,0x00000000eaf00000)
  to   space 1024K, 0% used [0x00000000ead00000,0x00000000ead00000,0x00000000eae00000)
 ParOldGen       total 225792K, used 225544K [0x00000000c0000000, 0x00000000cdc80000, 0x00000000eab00000)
  object space 225792K, 99% used [0x00000000c0000000,0x00000000cdc42050,0x00000000cdc80000)
 Metaspace       used 64522K, committed 65856K, reserved 1114112K
  class space    used 7362K, committed 7936K, reserved 1048576K
}
Event: 61.463 GC heap before
{Heap before GC invocations=276 (full 3):
 PSYoungGen      total 3072K, used 2673K [0x00000000eab00000, 0x00000000eaf00000, 0x0000000100000000)
  eden space 2048K, 100% used [0x00000000eab00000,0x00000000ead00000,0x00000000ead00000)
  from space 1024K, 61% used [0x00000000eae00000,0x00000000eae9c580,0x00000000eaf00000)
  to   space 1024K, 0% used [0x00000000ead00000,0x00000000ead00000,0x00000000eae00000)
 ParOldGen       total 225792K, used 225544K [0x00000000c0000000, 0x00000000cdc80000, 0x00000000eab00000)
  object space 225792K, 99% used [0x00000000c0000000,0x00000000cdc42050,0x00000000cdc80000)
 Metaspace       used 64667K, committed 65984K, reserved 1114112K
  class space    used 7378K, committed 7936K, reserved 1048576K
}
Event: 61.465 GC heap after
{Heap after GC invocations=276 (full 3):
 PSYoungGen      total 3072K, used 576K [0x00000000eab00000, 0x00000000eaf00000, 0x0000000100000000)
  eden space 2048K, 0% used [0x00000000eab00000,0x00000000eab00000,0x00000000ead00000)
  from space 1024K, 56% used [0x00000000ead00000,0x00000000ead90000,0x00000000eae00000)
  to   space 1024K, 0% used [0x00000000eae00000,0x00000000eae00000,0x00000000eaf00000)
 ParOldGen       total 226304K, used 226031K [0x00000000c0000000, 0x00000000cdd00000, 0x00000000eab00000)
  object space 226304K, 99% used [0x00000000c0000000,0x00000000cdcbbfc8,0x00000000cdd00000)
 Metaspace       used 64667K, committed 65984K, reserved 1114112K
  class space    used 7378K, committed 7936K, reserved 1048576K
}
Event: 61.513 GC heap before
{Heap before GC invocations=277 (full 3):
 PSYoungGen      total 3072K, used 2624K [0x00000000eab00000, 0x00000000eaf00000, 0x0000000100000000)
  eden space 2048K, 100% used [0x00000000eab00000,0x00000000ead00000,0x00000000ead00000)
  from space 1024K, 56% used [0x00000000ead00000,0x00000000ead90000,0x00000000eae00000)
  to   space 1024K, 0% used [0x00000000eae00000,0x00000000eae00000,0x00000000eaf00000)
 ParOldGen       total 226304K, used 226031K [0x00000000c0000000, 0x00000000cdd00000, 0x00000000eab00000)
  object space 226304K, 99% used [0x00000000c0000000,0x00000000cdcbbfc8,0x00000000cdd00000)
 Metaspace       used 64778K, committed 66176K, reserved 1114112K
  class space    used 7386K, committed 8000K, reserved 1048576K
}
Event: 61.515 GC heap after
{Heap after GC invocations=277 (full 3):
 PSYoungGen      total 3072K, used 604K [0x00000000eab00000, 0x00000000eaf00000, 0x0000000100000000)
  eden space 2048K, 0% used [0x00000000eab00000,0x00000000eab00000,0x00000000ead00000)
  from space 1024K, 59% used [0x00000000eae00000,0x00000000eae970f8,0x00000000eaf00000)
  to   space 1024K, 0% used [0x00000000ead00000,0x00000000ead00000,0x00000000eae00000)
 ParOldGen       total 226816K, used 226463K [0x00000000c0000000, 0x00000000cdd80000, 0x00000000eab00000)
  object space 226816K, 99% used [0x00000000c0000000,0x00000000cdd27e68,0x00000000cdd80000)
 Metaspace       used 64778K, committed 66176K, reserved 1114112K
  class space    used 7386K, committed 8000K, reserved 1048576K
}
Event: 61.550 GC heap before
{Heap before GC invocations=278 (full 3):
 PSYoungGen      total 3072K, used 2652K [0x00000000eab00000, 0x00000000eaf00000, 0x0000000100000000)
  eden space 2048K, 100% used [0x00000000eab00000,0x00000000ead00000,0x00000000ead00000)
  from space 1024K, 59% used [0x00000000eae00000,0x00000000eae970f8,0x00000000eaf00000)
  to   space 1024K, 0% used [0x00000000ead00000,0x00000000ead00000,0x00000000eae00000)
 ParOldGen       total 226816K, used 226463K [0x00000000c0000000, 0x00000000cdd80000, 0x00000000eab00000)
  object space 226816K, 99% used [0x00000000c0000000,0x00000000cdd27e68,0x00000000cdd80000)
 Metaspace       used 64820K, committed 66176K, reserved 1114112K
  class space    used 7390K, committed 8000K, reserved 1048576K
}
Event: 61.552 GC heap after
{Heap after GC invocations=278 (full 3):
 PSYoungGen      total 3072K, used 640K [0x00000000eab00000, 0x00000000eaf00000, 0x0000000100000000)
  eden space 2048K, 0% used [0x00000000eab00000,0x00000000eab00000,0x00000000ead00000)
  from space 1024K, 62% used [0x00000000ead00000,0x00000000eada0000,0x00000000eae00000)
  to   space 1024K, 0% used [0x00000000eae00000,0x00000000eae00000,0x00000000eaf00000)
 ParOldGen       total 227328K, used 226922K [0x00000000c0000000, 0x00000000cde00000, 0x00000000eab00000)
  object space 227328K, 99% used [0x00000000c0000000,0x00000000cdd9a8e8,0x00000000cde00000)
 Metaspace       used 64820K, committed 66176K, reserved 1114112K
  class space    used 7390K, committed 8000K, reserved 1048576K
}
Event: 61.633 GC heap before
{Heap before GC invocations=279 (full 3):
 PSYoungGen      total 3072K, used 2681K [0x00000000eab00000, 0x00000000eaf00000, 0x0000000100000000)
  eden space 2048K, 99% used [0x00000000eab00000,0x00000000eacfe6c0,0x00000000ead00000)
  from space 1024K, 62% used [0x00000000ead00000,0x00000000eada0000,0x00000000eae00000)
  to   space 1024K, 0% used [0x00000000eae00000,0x00000000eae00000,0x00000000eaf00000)
 ParOldGen       total 227328K, used 226922K [0x00000000c0000000, 0x00000000cde00000, 0x00000000eab00000)
  object space 227328K, 99% used [0x00000000c0000000,0x00000000cdd9a8e8,0x00000000cde00000)
 Metaspace       used 64820K, committed 66176K, reserved 1114112K
  class space    used 7390K, committed 8000K, reserved 1048576K
}
Event: 61.636 GC heap after
{Heap after GC invocations=279 (full 3):
 PSYoungGen      total 3072K, used 704K [0x00000000eab00000, 0x00000000eaf00000, 0x0000000100000000)
  eden space 2048K, 0% used [0x00000000eab00000,0x00000000eab00000,0x00000000ead00000)
  from space 1024K, 68% used [0x00000000eae00000,0x00000000eaeb0000,0x00000000eaf00000)
  to   space 1024K, 0% used [0x00000000ead00000,0x00000000ead00000,0x00000000eae00000)
 ParOldGen       total 227840K, used 227383K [0x00000000c0000000, 0x00000000cde80000, 0x00000000eab00000)
  object space 227840K, 99% used [0x00000000c0000000,0x00000000cde0dc60,0x00000000cde80000)
 Metaspace       used 64820K, committed 66176K, reserved 1114112K
  class space    used 7390K, committed 8000K, reserved 1048576K
}
Event: 61.654 GC heap before
{Heap before GC invocations=280 (full 3):
 PSYoungGen      total 3072K, used 2752K [0x00000000eab00000, 0x00000000eaf00000, 0x0000000100000000)
  eden space 2048K, 100% used [0x00000000eab00000,0x00000000ead00000,0x00000000ead00000)
  from space 1024K, 68% used [0x00000000eae00000,0x00000000eaeb0000,0x00000000eaf00000)
  to   space 1024K, 0% used [0x00000000ead00000,0x00000000ead00000,0x00000000eae00000)
 ParOldGen       total 227840K, used 227383K [0x00000000c0000000, 0x00000000cde80000, 0x00000000eab00000)
  object space 227840K, 99% used [0x00000000c0000000,0x00000000cde0dc60,0x00000000cde80000)
 Metaspace       used 64820K, committed 66176K, reserved 1114112K
  class space    used 7390K, committed 8000K, reserved 1048576K
}
Event: 61.710 GC heap after
{Heap after GC invocations=280 (full 3):
 PSYoungGen      total 3072K, used 749K [0x00000000eab00000, 0x00000000eaf80000, 0x0000000100000000)
  eden space 2048K, 0% used [0x00000000eab00000,0x00000000eab00000,0x00000000ead00000)
  from space 1024K, 73% used [0x00000000ead00000,0x00000000eadbb760,0x00000000eae00000)
  to   space 1024K, 0% used [0x00000000eae80000,0x00000000eae80000,0x00000000eaf80000)
 ParOldGen       total 228352K, used 227942K [0x00000000c0000000, 0x00000000cdf00000, 0x00000000eab00000)
  object space 228352K, 99% used [0x00000000c0000000,0x00000000cde99aa0,0x00000000cdf00000)
 Metaspace       used 64820K, committed 66176K, reserved 1114112K
  class space    used 7390K, committed 8000K, reserved 1048576K
}

